2019-08-22 12:04:49.048  INFO 3256 --- [main] in.yis.mains.YesExamApplication          : Starting YesExamApplication on DESKTOP-ND7EUGQ with PID 3256 (C:\Users\sakib\eclipse-workspace\Yes-Exam\target\classes started by sakib in C:\Users\sakib\eclipse-workspace\Yes-Exam)
2019-08-22 12:04:49.054  INFO 3256 --- [main] in.yis.mains.YesExamApplication          : No active profile set, falling back to default profiles: default
2019-08-22 12:04:49.627  INFO 3256 --- [main] .s.d.r.c.RepositoryConfigurationDelegate : Bootstrapping Spring Data repositories in DEFAULT mode.
2019-08-22 12:04:49.697  INFO 3256 --- [main] .s.d.r.c.RepositoryConfigurationDelegate : Finished Spring Data repository scanning in 63ms. Found 3 repository interfaces.
2019-08-22 12:04:50.009  INFO 3256 --- [main] trationDelegate$BeanPostProcessorChecker : Bean 'org.springframework.transaction.annotation.ProxyTransactionManagementConfiguration' of type [org.springframework.transaction.annotation.ProxyTransactionManagementConfiguration$$EnhancerBySpringCGLIB$$55c0173a] is not eligible for getting processed by all BeanPostProcessors (for example: not eligible for auto-proxying)
2019-08-22 12:04:50.038  INFO 3256 --- [main] trationDelegate$BeanPostProcessorChecker : Bean 'org.springframework.security.config.annotation.configuration.ObjectPostProcessorConfiguration' of type [org.springframework.security.config.annotation.configuration.ObjectPostProcessorConfiguration$$EnhancerBySpringCGLIB$$ee6ddf74] is not eligible for getting processed by all BeanPostProcessors (for example: not eligible for auto-proxying)
2019-08-22 12:04:50.043  INFO 3256 --- [main] trationDelegate$BeanPostProcessorChecker : Bean 'objectPostProcessor' of type [org.springframework.security.config.annotation.configuration.AutowireBeanFactoryObjectPostProcessor] is not eligible for getting processed by all BeanPostProcessors (for example: not eligible for auto-proxying)
2019-08-22 12:04:50.045  INFO 3256 --- [main] trationDelegate$BeanPostProcessorChecker : Bean 'org.springframework.security.access.expression.method.DefaultMethodSecurityExpressionHandler@37ff4054' of type [org.springframework.security.access.expression.method.DefaultMethodSecurityExpressionHandler] is not eligible for getting processed by all BeanPostProcessors (for example: not eligible for auto-proxying)
2019-08-22 12:04:50.047  INFO 3256 --- [main] trationDelegate$BeanPostProcessorChecker : Bean 'org.springframework.security.config.annotation.method.configuration.GlobalMethodSecurityConfiguration' of type [org.springframework.security.config.annotation.method.configuration.GlobalMethodSecurityConfiguration$$EnhancerBySpringCGLIB$$13428226] is not eligible for getting processed by all BeanPostProcessors (for example: not eligible for auto-proxying)
2019-08-22 12:04:50.050  INFO 3256 --- [main] trationDelegate$BeanPostProcessorChecker : Bean 'methodSecurityMetadataSource' of type [org.springframework.security.access.method.DelegatingMethodSecurityMetadataSource] is not eligible for getting processed by all BeanPostProcessors (for example: not eligible for auto-proxying)
2019-08-22 12:04:50.346  INFO 3256 --- [main] o.s.b.w.embedded.tomcat.TomcatWebServer  : Tomcat initialized with port(s): 8080 (http)
2019-08-22 12:04:50.365  INFO 3256 --- [main] o.apache.catalina.core.StandardService   : Starting service [Tomcat]
2019-08-22 12:04:50.365  INFO 3256 --- [main] org.apache.catalina.core.StandardEngine  : Starting Servlet engine: [Apache Tomcat/9.0.22]
2019-08-22 12:04:50.471  INFO 3256 --- [main] o.a.c.c.C.[Tomcat].[localhost].[/]       : Initializing Spring embedded WebApplicationContext
2019-08-22 12:04:50.471  INFO 3256 --- [main] o.s.web.context.ContextLoader            : Root WebApplicationContext: initialization completed in 1376 ms
2019-08-22 12:04:50.708  INFO 3256 --- [main] com.zaxxer.hikari.HikariDataSource       : HikariPool-1 - Starting...
2019-08-22 12:05:01.168  INFO 3256 --- [main] com.zaxxer.hikari.HikariDataSource       : HikariPool-1 - Start completed.
2019-08-22 12:05:01.210  INFO 3256 --- [main] o.hibernate.jpa.internal.util.LogHelper  : HHH000204: Processing PersistenceUnitInfo [
	name: default
	...]
2019-08-22 12:05:01.338  INFO 3256 --- [main] org.hibernate.Version                    : HHH000412: Hibernate Core {5.3.10.Final}
2019-08-22 12:05:01.340  INFO 3256 --- [main] org.hibernate.cfg.Environment            : HHH000206: hibernate.properties not found
2019-08-22 12:05:01.463  INFO 3256 --- [main] o.hibernate.annotations.common.Version   : HCANN000001: Hibernate Commons Annotations {5.0.4.Final}
2019-08-22 12:05:01.620  INFO 3256 --- [main] org.hibernate.dialect.Dialect            : HHH000400: Using dialect: org.hibernate.dialect.MySQL5Dialect
2019-08-22 12:05:23.144  INFO 3256 --- [main] j.LocalContainerEntityManagerFactoryBean : Initialized JPA EntityManagerFactory for persistence unit 'default'
2019-08-22 12:05:23.691  INFO 3256 --- [main] o.s.s.web.DefaultSecurityFilterChain     : Creating filter chain: any request, [org.springframework.security.web.context.request.async.WebAsyncManagerIntegrationFilter@6060146b, org.springframework.security.web.context.SecurityContextPersistenceFilter@5be4be74, org.springframework.security.web.header.HeaderWriterFilter@1f758e4f, org.springframework.security.web.authentication.logout.LogoutFilter@69a373fd, in.yis.mains.config.JwtRequestFilter@70c29356, org.springframework.security.web.savedrequest.RequestCacheAwareFilter@1ae924f1, org.springframework.security.web.servletapi.SecurityContextHolderAwareRequestFilter@1e191150, org.springframework.security.web.authentication.AnonymousAuthenticationFilter@33627576, org.springframework.security.web.session.SessionManagementFilter@5980fa73, org.springframework.security.web.access.ExceptionTranslationFilter@28e7bb31, org.springframework.security.web.access.intercept.FilterSecurityInterceptor@5873f3f0]
2019-08-22 12:05:23.847  INFO 3256 --- [main] o.s.s.concurrent.ThreadPoolTaskExecutor  : Initializing ExecutorService 'applicationTaskExecutor'
2019-08-22 12:05:23.925  WARN 3256 --- [main] aWebConfiguration$JpaWebMvcConfiguration : spring.jpa.open-in-view is enabled by default. Therefore, database queries may be performed during view rendering. Explicitly configure spring.jpa.open-in-view to disable this warning
2019-08-22 12:05:24.441  INFO 3256 --- [main] o.s.b.w.embedded.tomcat.TomcatWebServer  : Tomcat started on port(s): 8080 (http) with context path ''
2019-08-22 12:05:24.441  INFO 3256 --- [main] in.yis.mains.YesExamApplication          : Started YesExamApplication in 35.65 seconds (JVM running for 36.248)
2019-08-22 14:30:18.036  INFO 3256 --- [http-nio-8080-exec-1] o.a.c.c.C.[Tomcat].[localhost].[/]       : Initializing Spring DispatcherServlet 'dispatcherServlet'
2019-08-22 14:30:18.036  INFO 3256 --- [http-nio-8080-exec-1] o.s.web.servlet.DispatcherServlet        : Initializing Servlet 'dispatcherServlet'
2019-08-22 14:30:18.046  INFO 3256 --- [http-nio-8080-exec-1] o.s.web.servlet.DispatcherServlet        : Completed initialization in 10 ms
2019-08-22 14:30:18.077  WARN 3256 --- [http-nio-8080-exec-2] in.yis.mains.config.JwtRequestFilter     : JWT Token does not begin with Bearer String
2019-08-22 14:30:18.358  INFO 3256 --- [http-nio-8080-exec-2] o.h.h.i.QueryTranslatorFactoryInitiator  : HHH000397: Using ASTQueryTranslatorFactory
2019-08-22 14:30:18.438  WARN 3256 --- [http-nio-8080-exec-2] com.zaxxer.hikari.pool.PoolBase          : HikariPool-1 - Failed to validate connection com.mysql.cj.jdbc.ConnectionImpl@781ae9d6 (No operations allowed after connection closed.). Possibly consider using a shorter maxLifetime value.
2019-08-22 14:30:18.440  WARN 3256 --- [http-nio-8080-exec-2] com.zaxxer.hikari.pool.PoolBase          : HikariPool-1 - Failed to validate connection com.mysql.cj.jdbc.ConnectionImpl@30bd8fd0 (No operations allowed after connection closed.). Possibly consider using a shorter maxLifetime value.
2019-08-22 14:30:18.441  WARN 3256 --- [http-nio-8080-exec-2] com.zaxxer.hikari.pool.PoolBase          : HikariPool-1 - Failed to validate connection com.mysql.cj.jdbc.ConnectionImpl@2a986c98 (No operations allowed after connection closed.). Possibly consider using a shorter maxLifetime value.
2019-08-22 14:30:18.442  WARN 3256 --- [http-nio-8080-exec-2] com.zaxxer.hikari.pool.PoolBase          : HikariPool-1 - Failed to validate connection com.mysql.cj.jdbc.ConnectionImpl@5e36444 (No operations allowed after connection closed.). Possibly consider using a shorter maxLifetime value.
2019-08-22 14:30:18.444  WARN 3256 --- [http-nio-8080-exec-2] com.zaxxer.hikari.pool.PoolBase          : HikariPool-1 - Failed to validate connection com.mysql.cj.jdbc.ConnectionImpl@16344571 (No operations allowed after connection closed.). Possibly consider using a shorter maxLifetime value.
2019-08-22 14:30:18.445  WARN 3256 --- [http-nio-8080-exec-2] com.zaxxer.hikari.pool.PoolBase          : HikariPool-1 - Failed to validate connection com.mysql.cj.jdbc.ConnectionImpl@4aab9b68 (No operations allowed after connection closed.). Possibly consider using a shorter maxLifetime value.
2019-08-22 14:30:18.446  WARN 3256 --- [http-nio-8080-exec-2] com.zaxxer.hikari.pool.PoolBase          : HikariPool-1 - Failed to validate connection com.mysql.cj.jdbc.ConnectionImpl@23bed209 (No operations allowed after connection closed.). Possibly consider using a shorter maxLifetime value.
2019-08-22 14:30:18.448  WARN 3256 --- [http-nio-8080-exec-2] com.zaxxer.hikari.pool.PoolBase          : HikariPool-1 - Failed to validate connection com.mysql.cj.jdbc.ConnectionImpl@3d61537e (No operations allowed after connection closed.). Possibly consider using a shorter maxLifetime value.
2019-08-22 14:30:18.449  WARN 3256 --- [http-nio-8080-exec-2] com.zaxxer.hikari.pool.PoolBase          : HikariPool-1 - Failed to validate connection com.mysql.cj.jdbc.ConnectionImpl@94a866e (No operations allowed after connection closed.). Possibly consider using a shorter maxLifetime value.
2019-08-22 14:30:18.451  WARN 3256 --- [http-nio-8080-exec-2] com.zaxxer.hikari.pool.PoolBase          : HikariPool-1 - Failed to validate connection com.mysql.cj.jdbc.ConnectionImpl@1fac2cf4 (No operations allowed after connection closed.). Possibly consider using a shorter maxLifetime value.
2019-08-22 14:35:23.020  WARN 3256 --- [http-nio-8080-exec-5] in.yis.mains.config.JwtRequestFilter     : JWT Token does not begin with Bearer String
2019-08-22 14:35:23.112  WARN 3256 --- [http-nio-8080-exec-5] com.zaxxer.hikari.pool.PoolBase          : HikariPool-1 - Failed to validate connection com.mysql.cj.jdbc.ConnectionImpl@5c0a698c (No operations allowed after connection closed.). Possibly consider using a shorter maxLifetime value.
2019-08-22 14:35:23.114  WARN 3256 --- [http-nio-8080-exec-5] com.zaxxer.hikari.pool.PoolBase          : HikariPool-1 - Failed to validate connection com.mysql.cj.jdbc.ConnectionImpl@1d3763b7 (No operations allowed after connection closed.). Possibly consider using a shorter maxLifetime value.
2019-08-22 14:35:23.115  WARN 3256 --- [http-nio-8080-exec-5] com.zaxxer.hikari.pool.PoolBase          : HikariPool-1 - Failed to validate connection com.mysql.cj.jdbc.ConnectionImpl@23296511 (No operations allowed after connection closed.). Possibly consider using a shorter maxLifetime value.
2019-08-22 14:35:23.116  WARN 3256 --- [http-nio-8080-exec-5] com.zaxxer.hikari.pool.PoolBase          : HikariPool-1 - Failed to validate connection com.mysql.cj.jdbc.ConnectionImpl@2c603ef1 (No operations allowed after connection closed.). Possibly consider using a shorter maxLifetime value.
2019-08-22 14:35:23.118  WARN 3256 --- [http-nio-8080-exec-5] com.zaxxer.hikari.pool.PoolBase          : HikariPool-1 - Failed to validate connection com.mysql.cj.jdbc.ConnectionImpl@5b9466e6 (No operations allowed after connection closed.). Possibly consider using a shorter maxLifetime value.
2019-08-22 14:35:23.120  WARN 3256 --- [http-nio-8080-exec-5] com.zaxxer.hikari.pool.PoolBase          : HikariPool-1 - Failed to validate connection com.mysql.cj.jdbc.ConnectionImpl@7d189cf8 (No operations allowed after connection closed.). Possibly consider using a shorter maxLifetime value.
2019-08-22 14:35:23.121  WARN 3256 --- [http-nio-8080-exec-5] com.zaxxer.hikari.pool.PoolBase          : HikariPool-1 - Failed to validate connection com.mysql.cj.jdbc.ConnectionImpl@15f16fa7 (No operations allowed after connection closed.). Possibly consider using a shorter maxLifetime value.
2019-08-22 14:35:23.122  WARN 3256 --- [http-nio-8080-exec-5] com.zaxxer.hikari.pool.PoolBase          : HikariPool-1 - Failed to validate connection com.mysql.cj.jdbc.ConnectionImpl@38cb4c5e (No operations allowed after connection closed.). Possibly consider using a shorter maxLifetime value.
2019-08-22 14:35:23.123  WARN 3256 --- [http-nio-8080-exec-5] com.zaxxer.hikari.pool.PoolBase          : HikariPool-1 - Failed to validate connection com.mysql.cj.jdbc.ConnectionImpl@4090aef7 (No operations allowed after connection closed.). Possibly consider using a shorter maxLifetime value.
2019-08-22 14:35:23.125  WARN 3256 --- [http-nio-8080-exec-5] com.zaxxer.hikari.pool.PoolBase          : HikariPool-1 - Failed to validate connection com.mysql.cj.jdbc.ConnectionImpl@79560541 (No operations allowed after connection closed.). Possibly consider using a shorter maxLifetime value.
2019-08-22 14:37:17.853  WARN 3256 --- [http-nio-8080-exec-9] in.yis.mains.config.JwtRequestFilter     : JWT Token does not begin with Bearer String
2019-08-22 14:37:17.956  WARN 3256 --- [http-nio-8080-exec-9] com.zaxxer.hikari.pool.PoolBase          : HikariPool-1 - Failed to validate connection com.mysql.cj.jdbc.ConnectionImpl@7b9b35f0 (No operations allowed after connection closed.). Possibly consider using a shorter maxLifetime value.
2019-08-22 14:37:17.958  WARN 3256 --- [http-nio-8080-exec-9] com.zaxxer.hikari.pool.PoolBase          : HikariPool-1 - Failed to validate connection com.mysql.cj.jdbc.ConnectionImpl@71635e80 (No operations allowed after connection closed.). Possibly consider using a shorter maxLifetime value.
2019-08-22 14:37:17.960  WARN 3256 --- [http-nio-8080-exec-9] com.zaxxer.hikari.pool.PoolBase          : HikariPool-1 - Failed to validate connection com.mysql.cj.jdbc.ConnectionImpl@3461dec8 (No operations allowed after connection closed.). Possibly consider using a shorter maxLifetime value.
2019-08-22 14:37:17.961  WARN 3256 --- [http-nio-8080-exec-9] com.zaxxer.hikari.pool.PoolBase          : HikariPool-1 - Failed to validate connection com.mysql.cj.jdbc.ConnectionImpl@16775901 (No operations allowed after connection closed.). Possibly consider using a shorter maxLifetime value.
2019-08-22 14:37:17.962  WARN 3256 --- [http-nio-8080-exec-9] com.zaxxer.hikari.pool.PoolBase          : HikariPool-1 - Failed to validate connection com.mysql.cj.jdbc.ConnectionImpl@51fec70 (No operations allowed after connection closed.). Possibly consider using a shorter maxLifetime value.
2019-08-22 14:37:17.964  WARN 3256 --- [http-nio-8080-exec-9] com.zaxxer.hikari.pool.PoolBase          : HikariPool-1 - Failed to validate connection com.mysql.cj.jdbc.ConnectionImpl@785dd55e (No operations allowed after connection closed.). Possibly consider using a shorter maxLifetime value.
2019-08-22 14:37:17.965  WARN 3256 --- [http-nio-8080-exec-9] com.zaxxer.hikari.pool.PoolBase          : HikariPool-1 - Failed to validate connection com.mysql.cj.jdbc.ConnectionImpl@25bca49 (No operations allowed after connection closed.). Possibly consider using a shorter maxLifetime value.
2019-08-22 14:37:17.966  WARN 3256 --- [http-nio-8080-exec-9] com.zaxxer.hikari.pool.PoolBase          : HikariPool-1 - Failed to validate connection com.mysql.cj.jdbc.ConnectionImpl@75e7dc52 (No operations allowed after connection closed.). Possibly consider using a shorter maxLifetime value.
2019-08-22 14:37:17.967  WARN 3256 --- [http-nio-8080-exec-9] com.zaxxer.hikari.pool.PoolBase          : HikariPool-1 - Failed to validate connection com.mysql.cj.jdbc.ConnectionImpl@50009970 (No operations allowed after connection closed.). Possibly consider using a shorter maxLifetime value.
2019-08-22 14:37:17.968  WARN 3256 --- [http-nio-8080-exec-9] com.zaxxer.hikari.pool.PoolBase          : HikariPool-1 - Failed to validate connection com.mysql.cj.jdbc.ConnectionImpl@4661410b (No operations allowed after connection closed.). Possibly consider using a shorter maxLifetime value.
